[20-Feb-2024 17:01:51 UTC] Sync process for Gutenberg Blocks has started.
[20-Feb-2024 17:01:51 UTC] CATEGORY: Storing in option ast-block-templates-categories
[20-Feb-2024 17:01:51 UTC] BLOCK: Requests count 8
[20-Feb-2024 17:01:51 UTC] BLOCK: Importing request 1 ..
[20-Feb-2024 17:01:51 UTC] BLOCK: https://websitedemos.net/wp-json/astra-blocks/v2/blocks/?page_builder=gutenberg&per_page=30&page=1&wireframe=yes
[20-Feb-2024 17:01:52 UTC] BLOCK: Storing in option ast-block-templates-blocks-1
[20-Feb-2024 17:01:52 UTC] BLOCK: Completed request 1
[20-Feb-2024 17:01:52 UTC] BLOCK: Importing request 2 ..
[20-Feb-2024 17:01:52 UTC] BLOCK: https://websitedemos.net/wp-json/astra-blocks/v2/blocks/?page_builder=gutenberg&per_page=30&page=2&wireframe=yes
[20-Feb-2024 17:01:53 UTC] BLOCK: Storing in option ast-block-templates-blocks-2
[20-Feb-2024 17:01:53 UTC] BLOCK: Completed request 2
[20-Feb-2024 17:01:53 UTC] BLOCK: Importing request 3 ..
[20-Feb-2024 17:01:53 UTC] BLOCK: https://websitedemos.net/wp-json/astra-blocks/v2/blocks/?page_builder=gutenberg&per_page=30&page=3&wireframe=yes
[20-Feb-2024 17:01:54 UTC] BLOCK: Storing in option ast-block-templates-blocks-3
[20-Feb-2024 17:01:54 UTC] BLOCK: Completed request 3
[20-Feb-2024 17:01:54 UTC] BLOCK: Importing request 4 ..
[20-Feb-2024 17:01:54 UTC] BLOCK: https://websitedemos.net/wp-json/astra-blocks/v2/blocks/?page_builder=gutenberg&per_page=30&page=4&wireframe=yes
[20-Feb-2024 17:01:55 UTC] BLOCK: Storing in option ast-block-templates-blocks-4
[20-Feb-2024 17:01:55 UTC] BLOCK: Completed request 4
[20-Feb-2024 17:01:55 UTC] BLOCK: Importing request 5 ..
[20-Feb-2024 17:01:55 UTC] BLOCK: https://websitedemos.net/wp-json/astra-blocks/v2/blocks/?page_builder=gutenberg&per_page=30&page=5&wireframe=yes
[20-Feb-2024 17:01:55 UTC] BLOCK: Storing in option ast-block-templates-blocks-5
[20-Feb-2024 17:01:55 UTC] BLOCK: Completed request 5
[20-Feb-2024 17:01:55 UTC] BLOCK: Importing request 6 ..
[20-Feb-2024 17:01:55 UTC] BLOCK: https://websitedemos.net/wp-json/astra-blocks/v2/blocks/?page_builder=gutenberg&per_page=30&page=6&wireframe=yes
[20-Feb-2024 17:01:55 UTC] BLOCK: Storing in option ast-block-templates-blocks-6
[20-Feb-2024 17:01:55 UTC] BLOCK: Completed request 6
[20-Feb-2024 17:01:55 UTC] BLOCK: Importing request 7 ..
[20-Feb-2024 17:01:55 UTC] BLOCK: https://websitedemos.net/wp-json/astra-blocks/v2/blocks/?page_builder=gutenberg&per_page=30&page=7&wireframe=yes
[20-Feb-2024 17:01:57 UTC] BLOCK: Storing in option ast-block-templates-blocks-7
[20-Feb-2024 17:01:58 UTC] BLOCK: Completed request 7
[20-Feb-2024 17:01:58 UTC] BLOCK: Importing request 8 ..
[20-Feb-2024 17:01:58 UTC] BLOCK: https://websitedemos.net/wp-json/astra-blocks/v2/blocks/?page_builder=gutenberg&per_page=30&page=8&wireframe=yes
[20-Feb-2024 17:01:59 UTC] BLOCK: Storing in option ast-block-templates-blocks-8
[20-Feb-2024 17:01:59 UTC] BLOCK: Completed request 8
[20-Feb-2024 17:01:59 UTC] SITE: Getting Total Sites
[20-Feb-2024 17:01:59 UTC] SITE: https://websitedemos.net/wp-json/astra-sites/v1/get-total-pages/?page_builder=gutenberg&per_page=30
[20-Feb-2024 17:01:59 UTC] SITE: Request count 9
[20-Feb-2024 17:01:59 UTC] SITE: Importing request 1 ..
[20-Feb-2024 17:01:59 UTC] SITE: https://websitedemos.net/wp-json/astra-sites/v1/sites-and-pages/?per_page=30&page=1&page-builder=gutenberg
[20-Feb-2024 17:01:59 UTC] SITE: Storing in option ast-block-templates-sites-1
[20-Feb-2024 17:01:59 UTC] SITE: Completed request 1
[20-Feb-2024 17:01:59 UTC] SITE: Importing request 2 ..
[20-Feb-2024 17:01:59 UTC] SITE: https://websitedemos.net/wp-json/astra-sites/v1/sites-and-pages/?per_page=30&page=2&page-builder=gutenberg
[20-Feb-2024 17:01:59 UTC] SITE: Storing in option ast-block-templates-sites-2
[20-Feb-2024 17:01:59 UTC] SITE: Completed request 2
[20-Feb-2024 17:01:59 UTC] SITE: Importing request 3 ..
[20-Feb-2024 17:01:59 UTC] SITE: https://websitedemos.net/wp-json/astra-sites/v1/sites-and-pages/?per_page=30&page=3&page-builder=gutenberg
[20-Feb-2024 17:02:00 UTC] SITE: Storing in option ast-block-templates-sites-3
[20-Feb-2024 17:02:00 UTC] SITE: Completed request 3
[20-Feb-2024 17:02:00 UTC] SITE: Importing request 4 ..
[20-Feb-2024 17:02:00 UTC] SITE: https://websitedemos.net/wp-json/astra-sites/v1/sites-and-pages/?per_page=30&page=4&page-builder=gutenberg
[20-Feb-2024 17:02:00 UTC] SITE: Storing in option ast-block-templates-sites-4
[20-Feb-2024 17:02:00 UTC] SITE: Completed request 4
[20-Feb-2024 17:02:00 UTC] SITE: Importing request 5 ..
[20-Feb-2024 17:02:00 UTC] SITE: https://websitedemos.net/wp-json/astra-sites/v1/sites-and-pages/?per_page=30&page=5&page-builder=gutenberg
[20-Feb-2024 17:02:00 UTC] SITE: Storing in option ast-block-templates-sites-5
[20-Feb-2024 17:02:00 UTC] SITE: Completed request 5
[20-Feb-2024 17:02:00 UTC] SITE: Importing request 6 ..
[20-Feb-2024 17:02:00 UTC] SITE: https://websitedemos.net/wp-json/astra-sites/v1/sites-and-pages/?per_page=30&page=6&page-builder=gutenberg
[20-Feb-2024 17:02:02 UTC] SITE: Storing in option ast-block-templates-sites-6
[20-Feb-2024 17:02:02 UTC] SITE: Completed request 6
[20-Feb-2024 17:02:02 UTC] SITE: Importing request 7 ..
[20-Feb-2024 17:02:02 UTC] SITE: https://websitedemos.net/wp-json/astra-sites/v1/sites-and-pages/?per_page=30&page=7&page-builder=gutenberg
[20-Feb-2024 17:02:03 UTC] SITE: Storing in option ast-block-templates-sites-7
[20-Feb-2024 17:02:03 UTC] SITE: Completed request 7
[20-Feb-2024 17:02:03 UTC] SITE: Importing request 8 ..
[20-Feb-2024 17:02:03 UTC] SITE: https://websitedemos.net/wp-json/astra-sites/v1/sites-and-pages/?per_page=30&page=8&page-builder=gutenberg
[20-Feb-2024 17:02:03 UTC] SITE: Storing in option ast-block-templates-sites-8
[20-Feb-2024 17:02:03 UTC] SITE: Completed request 8
[20-Feb-2024 17:02:03 UTC] SITE: Importing request 9 ..
[20-Feb-2024 17:02:03 UTC] SITE: https://websitedemos.net/wp-json/astra-sites/v1/sites-and-pages/?per_page=30&page=9&page-builder=gutenberg
[20-Feb-2024 17:02:03 UTC] SITE: Storing in option ast-block-templates-sites-9
[20-Feb-2024 17:02:03 UTC] SITE: Completed request 9
[20-Feb-2024 17:02:03 UTC] Sync process for Gutenberg Blocks is done.
[20-Feb-2024 17:02:03 UTC] BLOCK: Getting Server Custimizer CSS
[20-Feb-2024 17:02:03 UTC] BLOCK: https://websitedemos.net/wp-json/astra-blocks/v2/get-customizer-css
[21-Feb-2024 15:53:36 UTC] PHP Warning:  Trying to access array offset on value of type bool in /Users/Max/Local Sites/setina/app/public/wp-content/plugins/elementor/includes/managers/image.php on line 113
[21-Feb-2024 15:53:36 UTC] PHP Warning:  Trying to access array offset on value of type bool in /Users/Max/Local Sites/setina/app/public/wp-content/plugins/elementor/includes/managers/image.php on line 113
[21-Feb-2024 15:53:36 UTC] PHP Warning:  Trying to access array offset on value of type bool in /Users/Max/Local Sites/setina/app/public/wp-content/plugins/elementor/includes/managers/image.php on line 113
[21-Feb-2024 15:53:36 UTC] PHP Warning:  Trying to access array offset on value of type bool in /Users/Max/Local Sites/setina/app/public/wp-content/plugins/elementor/includes/managers/image.php on line 113
[21-Feb-2024 15:53:36 UTC] PHP Warning:  Trying to access array offset on value of type bool in /Users/Max/Local Sites/setina/app/public/wp-content/plugins/elementor/includes/managers/image.php on line 113
[21-Feb-2024 15:53:36 UTC] PHP Warning:  Trying to access array offset on value of type bool in /Users/Max/Local Sites/setina/app/public/wp-content/plugins/elementor/includes/managers/image.php on line 113
[21-Feb-2024 15:53:36 UTC] PHP Warning:  Trying to access array offset on value of type bool in /Users/Max/Local Sites/setina/app/public/wp-content/plugins/elementor/includes/managers/image.php on line 113
[21-Feb-2024 15:53:36 UTC] PHP Warning:  Trying to access array offset on value of type bool in /Users/Max/Local Sites/setina/app/public/wp-content/plugins/elementor/includes/managers/image.php on line 113
[21-Feb-2024 15:54:28 UTC] PHP Warning:  Trying to access array offset on value of type bool in /Users/Max/Local Sites/setina/app/public/wp-content/plugins/elementor/includes/managers/image.php on line 113
[21-Feb-2024 15:57:36 UTC] PHP Warning:  Trying to access array offset on value of type bool in /Users/Max/Local Sites/setina/app/public/wp-content/plugins/elementor/includes/managers/image.php on line 113
[21-Feb-2024 17:02:26 UTC] Sync process for Gutenberg Blocks has started.
[21-Feb-2024 17:02:26 UTC] CATEGORY: Storing in option ast-block-templates-categories
[21-Feb-2024 17:02:26 UTC] BLOCK: Requests count 8
[21-Feb-2024 17:02:26 UTC] BLOCK: Importing request 1 ..
[21-Feb-2024 17:02:26 UTC] BLOCK: https://websitedemos.net/wp-json/astra-blocks/v2/blocks/?page_builder=gutenberg&per_page=30&page=1&wireframe=yes
[21-Feb-2024 17:02:26 UTC] BLOCK: Storing in option ast-block-templates-blocks-1
[21-Feb-2024 17:02:27 UTC] BLOCK: Completed request 1
[21-Feb-2024 17:02:27 UTC] BLOCK: Importing request 2 ..
[21-Feb-2024 17:02:27 UTC] BLOCK: https://websitedemos.net/wp-json/astra-blocks/v2/blocks/?page_builder=gutenberg&per_page=30&page=2&wireframe=yes
[21-Feb-2024 17:02:27 UTC] BLOCK: Storing in option ast-block-templates-blocks-2
[21-Feb-2024 17:02:28 UTC] BLOCK: Completed request 2
[21-Feb-2024 17:02:28 UTC] BLOCK: Importing request 3 ..
[21-Feb-2024 17:02:28 UTC] BLOCK: https://websitedemos.net/wp-json/astra-blocks/v2/blocks/?page_builder=gutenberg&per_page=30&page=3&wireframe=yes
[21-Feb-2024 17:02:28 UTC] BLOCK: Storing in option ast-block-templates-blocks-3
[21-Feb-2024 17:02:28 UTC] BLOCK: Completed request 3
[21-Feb-2024 17:02:28 UTC] BLOCK: Importing request 4 ..
[21-Feb-2024 17:02:28 UTC] BLOCK: https://websitedemos.net/wp-json/astra-blocks/v2/blocks/?page_builder=gutenberg&per_page=30&page=4&wireframe=yes
[21-Feb-2024 17:02:28 UTC] BLOCK: Storing in option ast-block-templates-blocks-4
[21-Feb-2024 17:02:28 UTC] BLOCK: Completed request 4
[21-Feb-2024 17:02:28 UTC] BLOCK: Importing request 5 ..
[21-Feb-2024 17:02:28 UTC] BLOCK: https://websitedemos.net/wp-json/astra-blocks/v2/blocks/?page_builder=gutenberg&per_page=30&page=5&wireframe=yes
[21-Feb-2024 17:02:29 UTC] BLOCK: Storing in option ast-block-templates-blocks-5
[21-Feb-2024 17:02:29 UTC] BLOCK: Completed request 5
[21-Feb-2024 17:02:29 UTC] BLOCK: Importing request 6 ..
[21-Feb-2024 17:02:29 UTC] BLOCK: https://websitedemos.net/wp-json/astra-blocks/v2/blocks/?page_builder=gutenberg&per_page=30&page=6&wireframe=yes
[21-Feb-2024 17:02:29 UTC] BLOCK: Storing in option ast-block-templates-blocks-6
[21-Feb-2024 17:02:29 UTC] BLOCK: Completed request 6
[21-Feb-2024 17:02:29 UTC] BLOCK: Importing request 7 ..
[21-Feb-2024 17:02:29 UTC] BLOCK: https://websitedemos.net/wp-json/astra-blocks/v2/blocks/?page_builder=gutenberg&per_page=30&page=7&wireframe=yes
[21-Feb-2024 17:02:29 UTC] BLOCK: Storing in option ast-block-templates-blocks-7
[21-Feb-2024 17:02:29 UTC] BLOCK: Completed request 7
[21-Feb-2024 17:02:29 UTC] BLOCK: Importing request 8 ..
[21-Feb-2024 17:02:29 UTC] BLOCK: https://websitedemos.net/wp-json/astra-blocks/v2/blocks/?page_builder=gutenberg&per_page=30&page=8&wireframe=yes
[21-Feb-2024 17:02:30 UTC] BLOCK: Storing in option ast-block-templates-blocks-8
[21-Feb-2024 17:02:30 UTC] BLOCK: Completed request 8
[21-Feb-2024 17:02:30 UTC] SITE: Getting Total Sites
[21-Feb-2024 17:02:30 UTC] SITE: https://websitedemos.net/wp-json/astra-sites/v1/get-total-pages/?page_builder=gutenberg&per_page=30
[21-Feb-2024 17:02:30 UTC] SITE: Request count 9
[21-Feb-2024 17:02:30 UTC] SITE: Importing request 1 ..
[21-Feb-2024 17:02:30 UTC] SITE: https://websitedemos.net/wp-json/astra-sites/v1/sites-and-pages/?per_page=30&page=1&page-builder=gutenberg
[21-Feb-2024 17:02:30 UTC] SITE: Storing in option ast-block-templates-sites-1
[21-Feb-2024 17:02:30 UTC] SITE: Completed request 1
[21-Feb-2024 17:02:30 UTC] SITE: Importing request 2 ..
[21-Feb-2024 17:02:30 UTC] SITE: https://websitedemos.net/wp-json/astra-sites/v1/sites-and-pages/?per_page=30&page=2&page-builder=gutenberg
[21-Feb-2024 17:02:30 UTC] SITE: Storing in option ast-block-templates-sites-2
[21-Feb-2024 17:02:30 UTC] SITE: Completed request 2
[21-Feb-2024 17:02:30 UTC] SITE: Importing request 3 ..
[21-Feb-2024 17:02:30 UTC] SITE: https://websitedemos.net/wp-json/astra-sites/v1/sites-and-pages/?per_page=30&page=3&page-builder=gutenberg
[21-Feb-2024 17:02:30 UTC] SITE: Storing in option ast-block-templates-sites-3
[21-Feb-2024 17:02:30 UTC] SITE: Completed request 3
[21-Feb-2024 17:02:30 UTC] SITE: Importing request 4 ..
[21-Feb-2024 17:02:30 UTC] SITE: https://websitedemos.net/wp-json/astra-sites/v1/sites-and-pages/?per_page=30&page=4&page-builder=gutenberg
[21-Feb-2024 17:02:30 UTC] SITE: Storing in option ast-block-templates-sites-4
[21-Feb-2024 17:02:30 UTC] SITE: Completed request 4
[21-Feb-2024 17:02:30 UTC] SITE: Importing request 5 ..
[21-Feb-2024 17:02:30 UTC] SITE: https://websitedemos.net/wp-json/astra-sites/v1/sites-and-pages/?per_page=30&page=5&page-builder=gutenberg
[21-Feb-2024 17:02:30 UTC] SITE: Storing in option ast-block-templates-sites-5
[21-Feb-2024 17:02:30 UTC] SITE: Completed request 5
[21-Feb-2024 17:02:30 UTC] SITE: Importing request 6 ..
[21-Feb-2024 17:02:30 UTC] SITE: https://websitedemos.net/wp-json/astra-sites/v1/sites-and-pages/?per_page=30&page=6&page-builder=gutenberg
[21-Feb-2024 17:02:30 UTC] SITE: Storing in option ast-block-templates-sites-6
[21-Feb-2024 17:02:30 UTC] SITE: Completed request 6
[21-Feb-2024 17:02:30 UTC] SITE: Importing request 7 ..
[21-Feb-2024 17:02:30 UTC] SITE: https://websitedemos.net/wp-json/astra-sites/v1/sites-and-pages/?per_page=30&page=7&page-builder=gutenberg
[21-Feb-2024 17:02:30 UTC] SITE: Storing in option ast-block-templates-sites-7
[21-Feb-2024 17:02:30 UTC] SITE: Completed request 7
[21-Feb-2024 17:02:30 UTC] SITE: Importing request 8 ..
[21-Feb-2024 17:02:30 UTC] SITE: https://websitedemos.net/wp-json/astra-sites/v1/sites-and-pages/?per_page=30&page=8&page-builder=gutenberg
[21-Feb-2024 17:02:31 UTC] SITE: Storing in option ast-block-templates-sites-8
[21-Feb-2024 17:02:31 UTC] SITE: Completed request 8
[21-Feb-2024 17:02:31 UTC] SITE: Importing request 9 ..
[21-Feb-2024 17:02:31 UTC] SITE: https://websitedemos.net/wp-json/astra-sites/v1/sites-and-pages/?per_page=30&page=9&page-builder=gutenberg
[21-Feb-2024 17:02:31 UTC] SITE: Storing in option ast-block-templates-sites-9
[21-Feb-2024 17:02:31 UTC] SITE: Completed request 9
[21-Feb-2024 17:02:31 UTC] Sync process for Gutenberg Blocks is done.
[21-Feb-2024 17:02:31 UTC] BLOCK: Getting Server Custimizer CSS
[21-Feb-2024 17:02:31 UTC] BLOCK: https://websitedemos.net/wp-json/astra-blocks/v2/get-customizer-css
[21-Feb-2024 18:00:50 UTC] Error de evento de reprogramación de cron para el hook: action_scheduler_run_queue. Código de error: could_not_set. Mensaje de error: No se pudo guardar la lista de eventos del cron.. Datos: {"schedule":"every_minute","args":["WP Cron"],"interval":60}
[22-Feb-2024 17:02:40 UTC] Sync process for Gutenberg Blocks has started.
[22-Feb-2024 17:02:40 UTC] CATEGORY: Storing in option ast-block-templates-categories
[22-Feb-2024 17:02:40 UTC] BLOCK: Requests count 8
[22-Feb-2024 17:02:40 UTC] BLOCK: Importing request 1 ..
[22-Feb-2024 17:02:40 UTC] BLOCK: https://websitedemos.net/wp-json/astra-blocks/v2/blocks/?page_builder=gutenberg&per_page=30&page=1&wireframe=yes
[22-Feb-2024 17:02:40 UTC] BLOCK: Storing in option ast-block-templates-blocks-1
[22-Feb-2024 17:02:40 UTC] BLOCK: Completed request 1
[22-Feb-2024 17:02:40 UTC] BLOCK: Importing request 2 ..
[22-Feb-2024 17:02:40 UTC] BLOCK: https://websitedemos.net/wp-json/astra-blocks/v2/blocks/?page_builder=gutenberg&per_page=30&page=2&wireframe=yes
[22-Feb-2024 17:02:40 UTC] BLOCK: Storing in option ast-block-templates-blocks-2
[22-Feb-2024 17:02:40 UTC] BLOCK: Completed request 2
[22-Feb-2024 17:02:40 UTC] BLOCK: Importing request 3 ..
[22-Feb-2024 17:02:40 UTC] BLOCK: https://websitedemos.net/wp-json/astra-blocks/v2/blocks/?page_builder=gutenberg&per_page=30&page=3&wireframe=yes
[22-Feb-2024 17:02:41 UTC] BLOCK: Storing in option ast-block-templates-blocks-3
[22-Feb-2024 17:02:41 UTC] BLOCK: Completed request 3
[22-Feb-2024 17:02:41 UTC] BLOCK: Importing request 4 ..
[22-Feb-2024 17:02:41 UTC] BLOCK: https://websitedemos.net/wp-json/astra-blocks/v2/blocks/?page_builder=gutenberg&per_page=30&page=4&wireframe=yes
[22-Feb-2024 17:02:41 UTC] BLOCK: Storing in option ast-block-templates-blocks-4
[22-Feb-2024 17:02:41 UTC] BLOCK: Completed request 4
[22-Feb-2024 17:02:41 UTC] BLOCK: Importing request 5 ..
[22-Feb-2024 17:02:41 UTC] BLOCK: https://websitedemos.net/wp-json/astra-blocks/v2/blocks/?page_builder=gutenberg&per_page=30&page=5&wireframe=yes
[22-Feb-2024 17:02:41 UTC] BLOCK: Storing in option ast-block-templates-blocks-5
[22-Feb-2024 17:02:41 UTC] BLOCK: Completed request 5
[22-Feb-2024 17:02:41 UTC] BLOCK: Importing request 6 ..
[22-Feb-2024 17:02:41 UTC] BLOCK: https://websitedemos.net/wp-json/astra-blocks/v2/blocks/?page_builder=gutenberg&per_page=30&page=6&wireframe=yes
[22-Feb-2024 17:02:41 UTC] BLOCK: Storing in option ast-block-templates-blocks-6
[22-Feb-2024 17:02:41 UTC] BLOCK: Completed request 6
[22-Feb-2024 17:02:41 UTC] BLOCK: Importing request 7 ..
[22-Feb-2024 17:02:41 UTC] BLOCK: https://websitedemos.net/wp-json/astra-blocks/v2/blocks/?page_builder=gutenberg&per_page=30&page=7&wireframe=yes
[22-Feb-2024 17:02:41 UTC] BLOCK: Storing in option ast-block-templates-blocks-7
[22-Feb-2024 17:02:41 UTC] BLOCK: Completed request 7
[22-Feb-2024 17:02:41 UTC] BLOCK: Importing request 8 ..
[22-Feb-2024 17:02:41 UTC] BLOCK: https://websitedemos.net/wp-json/astra-blocks/v2/blocks/?page_builder=gutenberg&per_page=30&page=8&wireframe=yes
[22-Feb-2024 17:02:41 UTC] BLOCK: Storing in option ast-block-templates-blocks-8
[22-Feb-2024 17:02:41 UTC] BLOCK: Completed request 8
[22-Feb-2024 17:02:41 UTC] SITE: Getting Total Sites
[22-Feb-2024 17:02:41 UTC] SITE: https://websitedemos.net/wp-json/astra-sites/v1/get-total-pages/?page_builder=gutenberg&per_page=30
[22-Feb-2024 17:02:41 UTC] SITE: Request count 10
[22-Feb-2024 17:02:41 UTC] SITE: Importing request 1 ..
[22-Feb-2024 17:02:41 UTC] SITE: https://websitedemos.net/wp-json/astra-sites/v1/sites-and-pages/?per_page=30&page=1&page-builder=gutenberg
[22-Feb-2024 17:02:41 UTC] SITE: Storing in option ast-block-templates-sites-1
[22-Feb-2024 17:02:41 UTC] SITE: Completed request 1
[22-Feb-2024 17:02:41 UTC] SITE: Importing request 2 ..
[22-Feb-2024 17:02:41 UTC] SITE: https://websitedemos.net/wp-json/astra-sites/v1/sites-and-pages/?per_page=30&page=2&page-builder=gutenberg
[22-Feb-2024 17:02:42 UTC] SITE: Storing in option ast-block-templates-sites-2
[22-Feb-2024 17:02:42 UTC] SITE: Completed request 2
[22-Feb-2024 17:02:42 UTC] SITE: Importing request 3 ..
[22-Feb-2024 17:02:42 UTC] SITE: https://websitedemos.net/wp-json/astra-sites/v1/sites-and-pages/?per_page=30&page=3&page-builder=gutenberg
[22-Feb-2024 17:02:42 UTC] SITE: Storing in option ast-block-templates-sites-3
[22-Feb-2024 17:02:42 UTC] SITE: Completed request 3
[22-Feb-2024 17:02:42 UTC] SITE: Importing request 4 ..
[22-Feb-2024 17:02:42 UTC] SITE: https://websitedemos.net/wp-json/astra-sites/v1/sites-and-pages/?per_page=30&page=4&page-builder=gutenberg
[22-Feb-2024 17:02:42 UTC] SITE: Storing in option ast-block-templates-sites-4
[22-Feb-2024 17:02:42 UTC] SITE: Completed request 4
[22-Feb-2024 17:02:42 UTC] SITE: Importing request 5 ..
[22-Feb-2024 17:02:42 UTC] SITE: https://websitedemos.net/wp-json/astra-sites/v1/sites-and-pages/?per_page=30&page=5&page-builder=gutenberg
[22-Feb-2024 17:02:42 UTC] SITE: Storing in option ast-block-templates-sites-5
[22-Feb-2024 17:02:42 UTC] SITE: Completed request 5
[22-Feb-2024 17:02:42 UTC] SITE: Importing request 6 ..
[22-Feb-2024 17:02:42 UTC] SITE: https://websitedemos.net/wp-json/astra-sites/v1/sites-and-pages/?per_page=30&page=6&page-builder=gutenberg
[22-Feb-2024 17:02:42 UTC] SITE: Storing in option ast-block-templates-sites-6
[22-Feb-2024 17:02:42 UTC] SITE: Completed request 6
[22-Feb-2024 17:02:42 UTC] SITE: Importing request 7 ..
[22-Feb-2024 17:02:42 UTC] SITE: https://websitedemos.net/wp-json/astra-sites/v1/sites-and-pages/?per_page=30&page=7&page-builder=gutenberg
[22-Feb-2024 17:02:42 UTC] SITE: Storing in option ast-block-templates-sites-7
[22-Feb-2024 17:02:42 UTC] SITE: Completed request 7
[22-Feb-2024 17:02:42 UTC] SITE: Importing request 8 ..
[22-Feb-2024 17:02:42 UTC] SITE: https://websitedemos.net/wp-json/astra-sites/v1/sites-and-pages/?per_page=30&page=8&page-builder=gutenberg
[22-Feb-2024 17:02:42 UTC] SITE: Storing in option ast-block-templates-sites-8
[22-Feb-2024 17:02:42 UTC] SITE: Completed request 8
[22-Feb-2024 17:02:42 UTC] SITE: Importing request 9 ..
[22-Feb-2024 17:02:42 UTC] SITE: https://websitedemos.net/wp-json/astra-sites/v1/sites-and-pages/?per_page=30&page=9&page-builder=gutenberg
[22-Feb-2024 17:02:42 UTC] SITE: Storing in option ast-block-templates-sites-9
[22-Feb-2024 17:02:42 UTC] SITE: Completed request 9
[22-Feb-2024 17:02:42 UTC] SITE: Importing request 10 ..
[22-Feb-2024 17:02:42 UTC] SITE: https://websitedemos.net/wp-json/astra-sites/v1/sites-and-pages/?per_page=30&page=10&page-builder=gutenberg
[22-Feb-2024 17:02:42 UTC] SITE: Storing in option ast-block-templates-sites-10
[22-Feb-2024 17:02:42 UTC] SITE: Completed request 10
[22-Feb-2024 17:02:42 UTC] Sync process for Gutenberg Blocks is done.
[22-Feb-2024 17:02:42 UTC] BLOCK: Getting Server Custimizer CSS
[22-Feb-2024 17:02:42 UTC] BLOCK: https://websitedemos.net/wp-json/astra-blocks/v2/get-customizer-css
[22-Feb-2024 17:02:53 UTC] Blocks are up to date.
[22-Feb-2024 19:16:37 UTC] CATEGORY: Storing in option ast-block-templates-categories
[22-Feb-2024 19:16:37 UTC] BLOCK: Requests count 8
[22-Feb-2024 19:16:38 UTC] BLOCK: Importing request 1 ..
[22-Feb-2024 19:16:38 UTC] BLOCK: https://websitedemos.net/wp-json/astra-blocks/v2/blocks/?page_builder=gutenberg&per_page=30&page=1&wireframe=yes
[22-Feb-2024 19:16:48 UTC] BLOCK: Storing in option ast-block-templates-blocks-1
[22-Feb-2024 19:16:48 UTC] BLOCK: Completed request 1
[23-Feb-2024 16:42:10 UTC] Error de evento de reprogramación de cron para el hook: action_scheduler_run_queue. Código de error: could_not_set. Mensaje de error: No se pudo guardar la lista de eventos del cron.. Datos: {"schedule":"every_minute","args":["WP Cron"],"interval":60}
[23-Feb-2024 16:46:12 UTC] Error de evento de reprogramación de cron para el hook: action_scheduler_run_queue. Código de error: could_not_set. Mensaje de error: No se pudo guardar la lista de eventos del cron.. Datos: {"schedule":"every_minute","args":["WP Cron"],"interval":60}
[23-Feb-2024 16:56:18 UTC] Error de evento de reprogramación de cron para el hook: action_scheduler_run_queue. Código de error: could_not_set. Mensaje de error: No se pudo guardar la lista de eventos del cron.. Datos: {"schedule":"every_minute","args":["WP Cron"],"interval":60}
[23-Feb-2024 16:56:18 UTC] Error de evento de reprogramación de cron para el hook: recovery_mode_clean_expired_keys. Código de error: could_not_set. Mensaje de error: No se pudo guardar la lista de eventos del cron.. Datos: {"schedule":"daily","args":[],"interval":86400}
[23-Feb-2024 16:58:19 UTC] Error de evento de reprogramación de cron para el hook: wp_scheduled_delete. Código de error: could_not_set. Mensaje de error: No se pudo guardar la lista de eventos del cron.. Datos: {"schedule":"daily","args":[],"interval":86400}
[23-Feb-2024 17:00:19 UTC] Error de evento de reprogramación de cron para el hook: action_scheduler_run_queue. Código de error: could_not_set. Mensaje de error: No se pudo guardar la lista de eventos del cron.. Datos: {"schedule":"every_minute","args":["WP Cron"],"interval":60}
[23-Feb-2024 17:02:20 UTC] Error de evento de reprogramación de cron para el hook: action_scheduler_run_queue. Código de error: could_not_set. Mensaje de error: No se pudo guardar la lista de eventos del cron.. Datos: {"schedule":"every_minute","args":["WP Cron"],"interval":60}
[23-Feb-2024 17:06:22 UTC] Error de evento de reprogramación de cron para el hook: action_scheduler_run_queue. Código de error: could_not_set. Mensaje de error: No se pudo guardar la lista de eventos del cron.. Datos: {"schedule":"every_minute","args":["WP Cron"],"interval":60}
[23-Feb-2024 17:10:24 UTC] Error de evento de reprogramación de cron para el hook: action_scheduler_run_queue. Código de error: could_not_set. Mensaje de error: No se pudo guardar la lista de eventos del cron.. Datos: {"schedule":"every_minute","args":["WP Cron"],"interval":60}
[23-Feb-2024 17:14:26 UTC] Error de evento de reprogramación de cron para el hook: action_scheduler_run_queue. Código de error: could_not_set. Mensaje de error: No se pudo guardar la lista de eventos del cron.. Datos: {"schedule":"every_minute","args":["WP Cron"],"interval":60}
[23-Feb-2024 17:30:34 UTC] Error de evento de reprogramación de cron para el hook: action_scheduler_run_queue. Código de error: could_not_set. Mensaje de error: No se pudo guardar la lista de eventos del cron.. Datos: {"schedule":"every_minute","args":["WP Cron"],"interval":60}
[23-Feb-2024 17:34:36 UTC] Error de evento de reprogramación de cron para el hook: action_scheduler_run_queue. Código de error: could_not_set. Mensaje de error: No se pudo guardar la lista de eventos del cron.. Datos: {"schedule":"every_minute","args":["WP Cron"],"interval":60}
[23-Feb-2024 19:19:51 UTC] Sync process for Gutenberg Blocks has started.
[23-Feb-2024 19:19:51 UTC] CATEGORY: Storing in option ast-block-templates-categories
[23-Feb-2024 19:19:51 UTC] BLOCK: Requests count 8
[23-Feb-2024 19:19:51 UTC] BLOCK: Importing request 1 ..
[23-Feb-2024 19:19:51 UTC] BLOCK: https://websitedemos.net/wp-json/astra-blocks/v2/blocks/?page_builder=gutenberg&per_page=30&page=1&wireframe=yes
[23-Feb-2024 19:19:52 UTC] BLOCK: Storing in option ast-block-templates-blocks-1
[23-Feb-2024 19:19:52 UTC] BLOCK: Completed request 1
[23-Feb-2024 19:19:52 UTC] BLOCK: Importing request 2 ..
[23-Feb-2024 19:19:52 UTC] BLOCK: https://websitedemos.net/wp-json/astra-blocks/v2/blocks/?page_builder=gutenberg&per_page=30&page=2&wireframe=yes
[23-Feb-2024 19:19:52 UTC] BLOCK: Storing in option ast-block-templates-blocks-2
[23-Feb-2024 19:19:53 UTC] BLOCK: Completed request 2
[23-Feb-2024 19:19:53 UTC] BLOCK: Importing request 3 ..
[23-Feb-2024 19:19:53 UTC] BLOCK: https://websitedemos.net/wp-json/astra-blocks/v2/blocks/?page_builder=gutenberg&per_page=30&page=3&wireframe=yes
[23-Feb-2024 19:19:53 UTC] BLOCK: Storing in option ast-block-templates-blocks-3
[23-Feb-2024 19:19:53 UTC] BLOCK: Completed request 3
[23-Feb-2024 19:19:53 UTC] BLOCK: Importing request 4 ..
[23-Feb-2024 19:19:53 UTC] BLOCK: https://websitedemos.net/wp-json/astra-blocks/v2/blocks/?page_builder=gutenberg&per_page=30&page=4&wireframe=yes
[23-Feb-2024 19:19:54 UTC] BLOCK: Storing in option ast-block-templates-blocks-4
[23-Feb-2024 19:19:54 UTC] BLOCK: Completed request 4
[23-Feb-2024 19:19:54 UTC] BLOCK: Importing request 5 ..
[23-Feb-2024 19:19:54 UTC] BLOCK: https://websitedemos.net/wp-json/astra-blocks/v2/blocks/?page_builder=gutenberg&per_page=30&page=5&wireframe=yes
[23-Feb-2024 19:19:54 UTC] BLOCK: Storing in option ast-block-templates-blocks-5
[23-Feb-2024 19:19:54 UTC] BLOCK: Completed request 5
[23-Feb-2024 19:19:54 UTC] BLOCK: Importing request 6 ..
[23-Feb-2024 19:19:54 UTC] BLOCK: https://websitedemos.net/wp-json/astra-blocks/v2/blocks/?page_builder=gutenberg&per_page=30&page=6&wireframe=yes
[23-Feb-2024 19:19:54 UTC] BLOCK: Storing in option ast-block-templates-blocks-6
[23-Feb-2024 19:19:54 UTC] BLOCK: Completed request 6
[23-Feb-2024 19:19:54 UTC] BLOCK: Importing request 7 ..
[23-Feb-2024 19:19:54 UTC] BLOCK: https://websitedemos.net/wp-json/astra-blocks/v2/blocks/?page_builder=gutenberg&per_page=30&page=7&wireframe=yes
[23-Feb-2024 19:19:54 UTC] BLOCK: Storing in option ast-block-templates-blocks-7
[23-Feb-2024 19:19:55 UTC] BLOCK: Completed request 7
[23-Feb-2024 19:19:55 UTC] BLOCK: Importing request 8 ..
[23-Feb-2024 19:19:55 UTC] BLOCK: https://websitedemos.net/wp-json/astra-blocks/v2/blocks/?page_builder=gutenberg&per_page=30&page=8&wireframe=yes
[23-Feb-2024 19:19:55 UTC] BLOCK: Storing in option ast-block-templates-blocks-8
[23-Feb-2024 19:19:55 UTC] BLOCK: Completed request 8
[23-Feb-2024 19:19:55 UTC] SITE: Getting Total Sites
[23-Feb-2024 19:19:55 UTC] SITE: https://websitedemos.net/wp-json/astra-sites/v1/get-total-pages/?page_builder=gutenberg&per_page=30
[23-Feb-2024 19:19:55 UTC] SITE: Request count 10
[23-Feb-2024 19:19:55 UTC] SITE: Importing request 1 ..
[23-Feb-2024 19:19:55 UTC] SITE: https://websitedemos.net/wp-json/astra-sites/v1/sites-and-pages/?per_page=30&page=1&page-builder=gutenberg
[23-Feb-2024 19:19:55 UTC] SITE: Storing in option ast-block-templates-sites-1
[23-Feb-2024 19:19:55 UTC] SITE: Completed request 1
[23-Feb-2024 19:19:55 UTC] SITE: Importing request 2 ..
[23-Feb-2024 19:19:55 UTC] SITE: https://websitedemos.net/wp-json/astra-sites/v1/sites-and-pages/?per_page=30&page=2&page-builder=gutenberg
[23-Feb-2024 19:19:55 UTC] SITE: Storing in option ast-block-templates-sites-2
[23-Feb-2024 19:19:55 UTC] SITE: Completed request 2
[23-Feb-2024 19:19:55 UTC] SITE: Importing request 3 ..
[23-Feb-2024 19:19:55 UTC] SITE: https://websitedemos.net/wp-json/astra-sites/v1/sites-and-pages/?per_page=30&page=3&page-builder=gutenberg
[23-Feb-2024 19:19:55 UTC] SITE: Storing in option ast-block-templates-sites-3
[23-Feb-2024 19:19:55 UTC] SITE: Completed request 3
[23-Feb-2024 19:19:55 UTC] SITE: Importing request 4 ..
[23-Feb-2024 19:19:55 UTC] SITE: https://websitedemos.net/wp-json/astra-sites/v1/sites-and-pages/?per_page=30&page=4&page-builder=gutenberg
[23-Feb-2024 19:19:56 UTC] SITE: Storing in option ast-block-templates-sites-4
[23-Feb-2024 19:19:56 UTC] SITE: Completed request 4
[23-Feb-2024 19:19:56 UTC] SITE: Importing request 5 ..
[23-Feb-2024 19:19:56 UTC] SITE: https://websitedemos.net/wp-json/astra-sites/v1/sites-and-pages/?per_page=30&page=5&page-builder=gutenberg
[23-Feb-2024 19:19:56 UTC] SITE: Storing in option ast-block-templates-sites-5
[23-Feb-2024 19:19:56 UTC] SITE: Completed request 5
[23-Feb-2024 19:19:56 UTC] SITE: Importing request 6 ..
[23-Feb-2024 19:19:56 UTC] SITE: https://websitedemos.net/wp-json/astra-sites/v1/sites-and-pages/?per_page=30&page=6&page-builder=gutenberg
[23-Feb-2024 19:19:56 UTC] SITE: Storing in option ast-block-templates-sites-6
[23-Feb-2024 19:19:56 UTC] SITE: Completed request 6
[23-Feb-2024 19:19:56 UTC] SITE: Importing request 7 ..
[23-Feb-2024 19:19:56 UTC] SITE: https://websitedemos.net/wp-json/astra-sites/v1/sites-and-pages/?per_page=30&page=7&page-builder=gutenberg
[23-Feb-2024 19:19:56 UTC] SITE: Storing in option ast-block-templates-sites-7
[23-Feb-2024 19:19:56 UTC] SITE: Completed request 7
[23-Feb-2024 19:19:56 UTC] SITE: Importing request 8 ..
[23-Feb-2024 19:19:56 UTC] SITE: https://websitedemos.net/wp-json/astra-sites/v1/sites-and-pages/?per_page=30&page=8&page-builder=gutenberg
[23-Feb-2024 19:19:56 UTC] SITE: Storing in option ast-block-templates-sites-8
[23-Feb-2024 19:19:56 UTC] SITE: Completed request 8
[23-Feb-2024 19:19:56 UTC] SITE: Importing request 9 ..
[23-Feb-2024 19:19:56 UTC] SITE: https://websitedemos.net/wp-json/astra-sites/v1/sites-and-pages/?per_page=30&page=9&page-builder=gutenberg
[23-Feb-2024 19:19:56 UTC] SITE: Storing in option ast-block-templates-sites-9
[23-Feb-2024 19:19:56 UTC] SITE: Completed request 9
[23-Feb-2024 19:19:56 UTC] SITE: Importing request 10 ..
[23-Feb-2024 19:19:56 UTC] SITE: https://websitedemos.net/wp-json/astra-sites/v1/sites-and-pages/?per_page=30&page=10&page-builder=gutenberg
[23-Feb-2024 19:19:56 UTC] SITE: Storing in option ast-block-templates-sites-10
[23-Feb-2024 19:19:56 UTC] SITE: Completed request 10
[23-Feb-2024 19:19:56 UTC] Sync process for Gutenberg Blocks is done.
[23-Feb-2024 19:19:56 UTC] BLOCK: Getting Server Custimizer CSS
[23-Feb-2024 19:19:56 UTC] BLOCK: https://websitedemos.net/wp-json/astra-blocks/v2/get-customizer-css
[26-Feb-2024 13:46:04 UTC] Sync process for Gutenberg Blocks has started.
[26-Feb-2024 13:46:04 UTC] CATEGORY: Storing in option ast-block-templates-categories
[26-Feb-2024 13:46:04 UTC] BLOCK: Requests count 8
[26-Feb-2024 13:46:04 UTC] BLOCK: Importing request 1 ..
[26-Feb-2024 13:46:04 UTC] BLOCK: https://websitedemos.net/wp-json/astra-blocks/v2/blocks/?page_builder=gutenberg&per_page=30&page=1&wireframe=yes
[26-Feb-2024 13:46:04 UTC] BLOCK: Storing in option ast-block-templates-blocks-1
[26-Feb-2024 13:46:04 UTC] BLOCK: Completed request 1
[26-Feb-2024 13:46:04 UTC] BLOCK: Importing request 2 ..
[26-Feb-2024 13:46:04 UTC] BLOCK: https://websitedemos.net/wp-json/astra-blocks/v2/blocks/?page_builder=gutenberg&per_page=30&page=2&wireframe=yes
[26-Feb-2024 13:46:05 UTC] BLOCK: Storing in option ast-block-templates-blocks-2
[26-Feb-2024 13:46:06 UTC] BLOCK: Completed request 2
[26-Feb-2024 13:46:06 UTC] BLOCK: Importing request 3 ..
[26-Feb-2024 13:46:06 UTC] BLOCK: https://websitedemos.net/wp-json/astra-blocks/v2/blocks/?page_builder=gutenberg&per_page=30&page=3&wireframe=yes
[26-Feb-2024 13:46:06 UTC] BLOCK: Storing in option ast-block-templates-blocks-3
[26-Feb-2024 13:46:07 UTC] BLOCK: Completed request 3
[26-Feb-2024 13:46:07 UTC] BLOCK: Importing request 4 ..
[26-Feb-2024 13:46:07 UTC] BLOCK: https://websitedemos.net/wp-json/astra-blocks/v2/blocks/?page_builder=gutenberg&per_page=30&page=4&wireframe=yes
[26-Feb-2024 13:46:07 UTC] BLOCK: Storing in option ast-block-templates-blocks-4
[26-Feb-2024 13:46:07 UTC] BLOCK: Completed request 4
[26-Feb-2024 13:46:07 UTC] BLOCK: Importing request 5 ..
[26-Feb-2024 13:46:07 UTC] BLOCK: https://websitedemos.net/wp-json/astra-blocks/v2/blocks/?page_builder=gutenberg&per_page=30&page=5&wireframe=yes
[26-Feb-2024 13:46:07 UTC] BLOCK: Storing in option ast-block-templates-blocks-5
[26-Feb-2024 13:46:07 UTC] BLOCK: Completed request 5
[26-Feb-2024 13:46:07 UTC] BLOCK: Importing request 6 ..
[26-Feb-2024 13:46:07 UTC] BLOCK: https://websitedemos.net/wp-json/astra-blocks/v2/blocks/?page_builder=gutenberg&per_page=30&page=6&wireframe=yes
[26-Feb-2024 13:46:07 UTC] BLOCK: Storing in option ast-block-templates-blocks-6
[26-Feb-2024 13:46:08 UTC] BLOCK: Completed request 6
[26-Feb-2024 13:46:08 UTC] BLOCK: Importing request 7 ..
[26-Feb-2024 13:46:08 UTC] BLOCK: https://websitedemos.net/wp-json/astra-blocks/v2/blocks/?page_builder=gutenberg&per_page=30&page=7&wireframe=yes
[26-Feb-2024 13:46:08 UTC] BLOCK: Storing in option ast-block-templates-blocks-7
[26-Feb-2024 13:46:08 UTC] BLOCK: Completed request 7
[26-Feb-2024 13:46:08 UTC] BLOCK: Importing request 8 ..
[26-Feb-2024 13:46:08 UTC] BLOCK: https://websitedemos.net/wp-json/astra-blocks/v2/blocks/?page_builder=gutenberg&per_page=30&page=8&wireframe=yes
[26-Feb-2024 13:46:08 UTC] BLOCK: Storing in option ast-block-templates-blocks-8
[26-Feb-2024 13:46:08 UTC] BLOCK: Completed request 8
[26-Feb-2024 13:46:08 UTC] SITE: Getting Total Sites
[26-Feb-2024 13:46:08 UTC] SITE: https://websitedemos.net/wp-json/astra-sites/v1/get-total-pages/?page_builder=gutenberg&per_page=30
[26-Feb-2024 13:46:08 UTC] SITE: Request count 10
[26-Feb-2024 13:46:08 UTC] SITE: Importing request 1 ..
[26-Feb-2024 13:46:08 UTC] SITE: https://websitedemos.net/wp-json/astra-sites/v1/sites-and-pages/?per_page=30&page=1&page-builder=gutenberg
[26-Feb-2024 13:46:08 UTC] SITE: Storing in option ast-block-templates-sites-1
[26-Feb-2024 13:46:08 UTC] SITE: Completed request 1
[26-Feb-2024 13:46:08 UTC] SITE: Importing request 2 ..
[26-Feb-2024 13:46:08 UTC] SITE: https://websitedemos.net/wp-json/astra-sites/v1/sites-and-pages/?per_page=30&page=2&page-builder=gutenberg
[26-Feb-2024 13:46:08 UTC] SITE: Storing in option ast-block-templates-sites-2
[26-Feb-2024 13:46:08 UTC] SITE: Completed request 2
[26-Feb-2024 13:46:08 UTC] SITE: Importing request 3 ..
[26-Feb-2024 13:46:08 UTC] SITE: https://websitedemos.net/wp-json/astra-sites/v1/sites-and-pages/?per_page=30&page=3&page-builder=gutenberg
[26-Feb-2024 13:46:09 UTC] SITE: Storing in option ast-block-templates-sites-3
[26-Feb-2024 13:46:09 UTC] SITE: Completed request 3
[26-Feb-2024 13:46:09 UTC] SITE: Importing request 4 ..
[26-Feb-2024 13:46:09 UTC] SITE: https://websitedemos.net/wp-json/astra-sites/v1/sites-and-pages/?per_page=30&page=4&page-builder=gutenberg
[26-Feb-2024 13:46:09 UTC] SITE: Storing in option ast-block-templates-sites-4
[26-Feb-2024 13:46:09 UTC] SITE: Completed request 4
[26-Feb-2024 13:46:09 UTC] SITE: Importing request 5 ..
[26-Feb-2024 13:46:09 UTC] SITE: https://websitedemos.net/wp-json/astra-sites/v1/sites-and-pages/?per_page=30&page=5&page-builder=gutenberg
[26-Feb-2024 13:46:09 UTC] SITE: Storing in option ast-block-templates-sites-5
[26-Feb-2024 13:46:09 UTC] SITE: Completed request 5
[26-Feb-2024 13:46:09 UTC] SITE: Importing request 6 ..
[26-Feb-2024 13:46:09 UTC] SITE: https://websitedemos.net/wp-json/astra-sites/v1/sites-and-pages/?per_page=30&page=6&page-builder=gutenberg
[26-Feb-2024 13:46:09 UTC] SITE: Storing in option ast-block-templates-sites-6
[26-Feb-2024 13:46:09 UTC] SITE: Completed request 6
[26-Feb-2024 13:46:09 UTC] SITE: Importing request 7 ..
[26-Feb-2024 13:46:09 UTC] SITE: https://websitedemos.net/wp-json/astra-sites/v1/sites-and-pages/?per_page=30&page=7&page-builder=gutenberg
[26-Feb-2024 13:46:09 UTC] SITE: Storing in option ast-block-templates-sites-7
[26-Feb-2024 13:46:09 UTC] SITE: Completed request 7
[26-Feb-2024 13:46:09 UTC] SITE: Importing request 8 ..
[26-Feb-2024 13:46:09 UTC] SITE: https://websitedemos.net/wp-json/astra-sites/v1/sites-and-pages/?per_page=30&page=8&page-builder=gutenberg
[26-Feb-2024 13:46:09 UTC] SITE: Storing in option ast-block-templates-sites-8
[26-Feb-2024 13:46:09 UTC] SITE: Completed request 8
[26-Feb-2024 13:46:09 UTC] SITE: Importing request 9 ..
[26-Feb-2024 13:46:09 UTC] SITE: https://websitedemos.net/wp-json/astra-sites/v1/sites-and-pages/?per_page=30&page=9&page-builder=gutenberg
[26-Feb-2024 13:46:09 UTC] SITE: Storing in option ast-block-templates-sites-9
[26-Feb-2024 13:46:09 UTC] SITE: Completed request 9
[26-Feb-2024 13:46:09 UTC] SITE: Importing request 10 ..
[26-Feb-2024 13:46:09 UTC] SITE: https://websitedemos.net/wp-json/astra-sites/v1/sites-and-pages/?per_page=30&page=10&page-builder=gutenberg
[26-Feb-2024 13:46:09 UTC] SITE: Storing in option ast-block-templates-sites-10
[26-Feb-2024 13:46:09 UTC] SITE: Completed request 10
[26-Feb-2024 13:46:09 UTC] Sync process for Gutenberg Blocks is done.
[26-Feb-2024 13:46:09 UTC] BLOCK: Getting Server Custimizer CSS
[26-Feb-2024 13:46:09 UTC] BLOCK: https://websitedemos.net/wp-json/astra-blocks/v2/get-customizer-css
[26-Feb-2024 13:47:53 UTC] Blocks are up to date.
[26-Feb-2024 16:07:17 UTC] [ Base_MixpanelBase - line 76 ] : Using token: 6fe8d87bb7308ab9accf8ac8c04ac962
[26-Feb-2024 16:07:17 UTC] [ Base_MixpanelBase - line 173 ] : Using consumer: curl -> ConsumerStrategies_CurlConsumer
[26-Feb-2024 16:07:17 UTC] [ Base_MixpanelBase - line 18 ] : Instantiated new Consumer
[26-Feb-2024 16:07:17 UTC] [ Base_MixpanelBase - line 76 ] : Using token: 6fe8d87bb7308ab9accf8ac8c04ac962
[26-Feb-2024 16:07:17 UTC] [ Base_MixpanelBase - line 173 ] : Using consumer: curl -> ConsumerStrategies_CurlConsumer
[26-Feb-2024 16:07:17 UTC] [ Base_MixpanelBase - line 18 ] : Instantiated new Consumer
[26-Feb-2024 16:07:17 UTC] [ Base_MixpanelBase - line 194 ] : Queued message: {"event":"Welcome Show","properties":{"mp_lib":"php","token":"6fe8d87bb7308ab9accf8ac8c04ac962","time":1708963637}}
[26-Feb-2024 16:07:17 UTC] [ Base_MixpanelBase - line 94 ] : destruct flush attempt #1
[26-Feb-2024 16:07:17 UTC] [ Base_MixpanelBase - line 111 ] : Flush called - queue size: 0
[26-Feb-2024 16:07:17 UTC] [ Base_MixpanelBase - line 94 ] : destruct flush attempt #1
[26-Feb-2024 16:07:17 UTC] [ Base_MixpanelBase - line 111 ] : Flush called - queue size: 1
[26-Feb-2024 16:07:17 UTC] [ Base_MixpanelBase - line 107 ] : Making blocking cURL call to https://api.mixpanel.com/track
[26-Feb-2024 16:07:17 UTC] [ Base_MixpanelBase - line 133 ] : Batch of 1 consumed, queue size is now 0
[26-Feb-2024 16:26:52 UTC] Error de evento de reprogramación de cron para el hook: action_scheduler_run_queue. Código de error: could_not_set. Mensaje de error: No se pudo guardar la lista de eventos del cron.. Datos: {"schedule":"every_minute","args":["WP Cron"],"interval":60}
[26-Feb-2024 16:36:32 UTC] Error de evento de reprogramación de cron para el hook: action_scheduler_run_queue. Código de error: could_not_set. Mensaje de error: No se pudo guardar la lista de eventos del cron.. Datos: {"schedule":"every_minute","args":["WP Cron"],"interval":60}
[26-Feb-2024 19:25:52 UTC] PHP Warning:  Undefined array key "editor_post_id" in /Users/Max/Local Sites/setina/app/public/wp-content/plugins/elementor/modules/history/revisions-manager.php on line 363
[04-Mar-2024 15:51:20 UTC] Error de evento de anulación de programación de cron para el gancho: sync_blocks. Código de error: could_not_set. Mensaje de error: No se pudo guardar la lista de eventos del cron.. Datos: {"schedule":false,"args":[]}
[04-Mar-2024 15:51:21 UTC] Sync process for Gutenberg Blocks has started.
[04-Mar-2024 15:51:21 UTC] CATEGORY: Storing in option ast-block-templates-categories
[04-Mar-2024 15:51:21 UTC] BLOCK: Requests count 8
[04-Mar-2024 15:51:21 UTC] BLOCK: Importing request 1 ..
[04-Mar-2024 15:51:21 UTC] BLOCK: https://websitedemos.net/wp-json/astra-blocks/v2/blocks/?page_builder=gutenberg&per_page=30&page=1&wireframe=yes
[04-Mar-2024 15:51:21 UTC] Sync process for Gutenberg Blocks has started.
[04-Mar-2024 15:51:21 UTC] CATEGORY: Storing in option ast-block-templates-categories
[04-Mar-2024 15:51:21 UTC] BLOCK: Requests count 8
[04-Mar-2024 15:51:21 UTC] BLOCK: Importing request 1 ..
[04-Mar-2024 15:51:21 UTC] BLOCK: https://websitedemos.net/wp-json/astra-blocks/v2/blocks/?page_builder=gutenberg&per_page=30&page=1&wireframe=yes
[04-Mar-2024 15:51:21 UTC] BLOCK: Storing in option ast-block-templates-blocks-1
[04-Mar-2024 15:51:21 UTC] BLOCK: Storing in option ast-block-templates-blocks-1
[04-Mar-2024 15:51:21 UTC] BLOCK: Completed request 1
[04-Mar-2024 15:51:21 UTC] BLOCK: Importing request 2 ..
[04-Mar-2024 15:51:21 UTC] BLOCK: https://websitedemos.net/wp-json/astra-blocks/v2/blocks/?page_builder=gutenberg&per_page=30&page=2&wireframe=yes
[04-Mar-2024 15:51:21 UTC] BLOCK: Completed request 1
[04-Mar-2024 15:51:21 UTC] BLOCK: Importing request 2 ..
[04-Mar-2024 15:51:21 UTC] BLOCK: https://websitedemos.net/wp-json/astra-blocks/v2/blocks/?page_builder=gutenberg&per_page=30&page=2&wireframe=yes
[04-Mar-2024 15:51:21 UTC] BLOCK: Storing in option ast-block-templates-blocks-2
[04-Mar-2024 15:51:21 UTC] BLOCK: Storing in option ast-block-templates-blocks-2
[04-Mar-2024 15:51:22 UTC] BLOCK: Completed request 2
[04-Mar-2024 15:51:22 UTC] BLOCK: Importing request 3 ..
[04-Mar-2024 15:51:22 UTC] BLOCK: https://websitedemos.net/wp-json/astra-blocks/v2/blocks/?page_builder=gutenberg&per_page=30&page=3&wireframe=yes
[04-Mar-2024 15:51:22 UTC] BLOCK: Completed request 2
[04-Mar-2024 15:51:22 UTC] BLOCK: Importing request 3 ..
[04-Mar-2024 15:51:22 UTC] BLOCK: https://websitedemos.net/wp-json/astra-blocks/v2/blocks/?page_builder=gutenberg&per_page=30&page=3&wireframe=yes
[04-Mar-2024 15:51:22 UTC] BLOCK: Storing in option ast-block-templates-blocks-3
[04-Mar-2024 15:51:22 UTC] BLOCK: Storing in option ast-block-templates-blocks-3
[04-Mar-2024 15:51:22 UTC] BLOCK: Completed request 3
[04-Mar-2024 15:51:22 UTC] BLOCK: Importing request 4 ..
[04-Mar-2024 15:51:22 UTC] BLOCK: https://websitedemos.net/wp-json/astra-blocks/v2/blocks/?page_builder=gutenberg&per_page=30&page=4&wireframe=yes
[04-Mar-2024 15:51:22 UTC] BLOCK: Completed request 3
[04-Mar-2024 15:51:22 UTC] BLOCK: Importing request 4 ..
[04-Mar-2024 15:51:22 UTC] BLOCK: https://websitedemos.net/wp-json/astra-blocks/v2/blocks/?page_builder=gutenberg&per_page=30&page=4&wireframe=yes
[04-Mar-2024 15:51:22 UTC] BLOCK: Storing in option ast-block-templates-blocks-4
[04-Mar-2024 15:51:22 UTC] BLOCK: Storing in option ast-block-templates-blocks-4
[04-Mar-2024 15:51:22 UTC] BLOCK: Completed request 4
[04-Mar-2024 15:51:22 UTC] BLOCK: Importing request 5 ..
[04-Mar-2024 15:51:22 UTC] BLOCK: https://websitedemos.net/wp-json/astra-blocks/v2/blocks/?page_builder=gutenberg&per_page=30&page=5&wireframe=yes
[04-Mar-2024 15:51:22 UTC] BLOCK: Completed request 4
[04-Mar-2024 15:51:22 UTC] BLOCK: Importing request 5 ..
[04-Mar-2024 15:51:22 UTC] BLOCK: https://websitedemos.net/wp-json/astra-blocks/v2/blocks/?page_builder=gutenberg&per_page=30&page=5&wireframe=yes
[04-Mar-2024 15:51:23 UTC] BLOCK: Storing in option ast-block-templates-blocks-5
[04-Mar-2024 15:51:23 UTC] BLOCK: Storing in option ast-block-templates-blocks-5
[04-Mar-2024 15:51:23 UTC] BLOCK: Completed request 5
[04-Mar-2024 15:51:23 UTC] BLOCK: Importing request 6 ..
[04-Mar-2024 15:51:23 UTC] BLOCK: https://websitedemos.net/wp-json/astra-blocks/v2/blocks/?page_builder=gutenberg&per_page=30&page=6&wireframe=yes
[04-Mar-2024 15:51:23 UTC] BLOCK: Completed request 5
[04-Mar-2024 15:51:23 UTC] BLOCK: Importing request 6 ..
[04-Mar-2024 15:51:23 UTC] BLOCK: https://websitedemos.net/wp-json/astra-blocks/v2/blocks/?page_builder=gutenberg&per_page=30&page=6&wireframe=yes
[04-Mar-2024 15:51:23 UTC] BLOCK: Storing in option ast-block-templates-blocks-6
[04-Mar-2024 15:51:23 UTC] BLOCK: Storing in option ast-block-templates-blocks-6
[04-Mar-2024 15:51:23 UTC] BLOCK: Completed request 6
[04-Mar-2024 15:51:23 UTC] BLOCK: Importing request 7 ..
[04-Mar-2024 15:51:23 UTC] BLOCK: https://websitedemos.net/wp-json/astra-blocks/v2/blocks/?page_builder=gutenberg&per_page=30&page=7&wireframe=yes
[04-Mar-2024 15:51:23 UTC] BLOCK: Completed request 6
[04-Mar-2024 15:51:23 UTC] BLOCK: Importing request 7 ..
[04-Mar-2024 15:51:23 UTC] BLOCK: https://websitedemos.net/wp-json/astra-blocks/v2/blocks/?page_builder=gutenberg&per_page=30&page=7&wireframe=yes
[04-Mar-2024 15:51:23 UTC] BLOCK: Storing in option ast-block-templates-blocks-7
[04-Mar-2024 15:51:23 UTC] BLOCK: Storing in option ast-block-templates-blocks-7
[04-Mar-2024 15:51:23 UTC] BLOCK: Completed request 7
[04-Mar-2024 15:51:23 UTC] BLOCK: Importing request 8 ..
[04-Mar-2024 15:51:23 UTC] BLOCK: https://websitedemos.net/wp-json/astra-blocks/v2/blocks/?page_builder=gutenberg&per_page=30&page=8&wireframe=yes
[04-Mar-2024 15:51:23 UTC] BLOCK: Completed request 7
[04-Mar-2024 15:51:23 UTC] BLOCK: Importing request 8 ..
[04-Mar-2024 15:51:23 UTC] BLOCK: https://websitedemos.net/wp-json/astra-blocks/v2/blocks/?page_builder=gutenberg&per_page=30&page=8&wireframe=yes
[04-Mar-2024 15:51:23 UTC] BLOCK: Storing in option ast-block-templates-blocks-8
[04-Mar-2024 15:51:23 UTC] BLOCK: Completed request 8
[04-Mar-2024 15:51:23 UTC] SITE: Getting Total Sites
[04-Mar-2024 15:51:23 UTC] SITE: https://websitedemos.net/wp-json/astra-sites/v1/get-total-pages/?page_builder=gutenberg&per_page=30
[04-Mar-2024 15:51:23 UTC] SITE: Request count 10
[04-Mar-2024 15:51:23 UTC] SITE: Importing request 1 ..
[04-Mar-2024 15:51:23 UTC] SITE: https://websitedemos.net/wp-json/astra-sites/v1/sites-and-pages/?per_page=30&page=1&page-builder=gutenberg
[04-Mar-2024 15:51:23 UTC] SITE: Storing in option ast-block-templates-sites-1
[04-Mar-2024 15:51:23 UTC] SITE: Completed request 1
[04-Mar-2024 15:51:23 UTC] SITE: Importing request 2 ..
[04-Mar-2024 15:51:23 UTC] SITE: https://websitedemos.net/wp-json/astra-sites/v1/sites-and-pages/?per_page=30&page=2&page-builder=gutenberg
[04-Mar-2024 15:51:24 UTC] BLOCK: Storing in option ast-block-templates-blocks-8
[04-Mar-2024 15:51:24 UTC] BLOCK: Completed request 8
[04-Mar-2024 15:51:24 UTC] SITE: Getting Total Sites
[04-Mar-2024 15:51:24 UTC] SITE: https://websitedemos.net/wp-json/astra-sites/v1/get-total-pages/?page_builder=gutenberg&per_page=30
[04-Mar-2024 15:51:24 UTC] SITE: Storing in option ast-block-templates-sites-2
[04-Mar-2024 15:51:24 UTC] SITE: Completed request 2
[04-Mar-2024 15:51:24 UTC] SITE: Importing request 3 ..
[04-Mar-2024 15:51:24 UTC] SITE: https://websitedemos.net/wp-json/astra-sites/v1/sites-and-pages/?per_page=30&page=3&page-builder=gutenberg
[04-Mar-2024 15:51:24 UTC] SITE: Request count 10
[04-Mar-2024 15:51:24 UTC] SITE: Importing request 1 ..
[04-Mar-2024 15:51:24 UTC] SITE: https://websitedemos.net/wp-json/astra-sites/v1/sites-and-pages/?per_page=30&page=1&page-builder=gutenberg
[04-Mar-2024 15:51:24 UTC] SITE: Storing in option ast-block-templates-sites-3
[04-Mar-2024 15:51:24 UTC] SITE: Completed request 3
[04-Mar-2024 15:51:24 UTC] SITE: Importing request 4 ..
[04-Mar-2024 15:51:24 UTC] SITE: https://websitedemos.net/wp-json/astra-sites/v1/sites-and-pages/?per_page=30&page=4&page-builder=gutenberg
[04-Mar-2024 15:51:24 UTC] SITE: Storing in option ast-block-templates-sites-4
[04-Mar-2024 15:51:24 UTC] SITE: Completed request 4
[04-Mar-2024 15:51:24 UTC] SITE: Importing request 5 ..
[04-Mar-2024 15:51:24 UTC] SITE: https://websitedemos.net/wp-json/astra-sites/v1/sites-and-pages/?per_page=30&page=5&page-builder=gutenberg
[04-Mar-2024 15:51:24 UTC] SITE: Storing in option ast-block-templates-sites-1
[04-Mar-2024 15:51:24 UTC] SITE: Completed request 1
[04-Mar-2024 15:51:24 UTC] SITE: Importing request 2 ..
[04-Mar-2024 15:51:24 UTC] SITE: https://websitedemos.net/wp-json/astra-sites/v1/sites-and-pages/?per_page=30&page=2&page-builder=gutenberg
[04-Mar-2024 15:51:24 UTC] SITE: Storing in option ast-block-templates-sites-5
[04-Mar-2024 15:51:24 UTC] SITE: Storing in option ast-block-templates-sites-2
[04-Mar-2024 15:51:24 UTC] SITE: Completed request 2
[04-Mar-2024 15:51:24 UTC] SITE: Importing request 3 ..
[04-Mar-2024 15:51:24 UTC] SITE: Completed request 5
[04-Mar-2024 15:51:24 UTC] SITE: https://websitedemos.net/wp-json/astra-sites/v1/sites-and-pages/?per_page=30&page=3&page-builder=gutenberg
[04-Mar-2024 15:51:24 UTC] SITE: Importing request 6 ..
[04-Mar-2024 15:51:24 UTC] SITE: https://websitedemos.net/wp-json/astra-sites/v1/sites-and-pages/?per_page=30&page=6&page-builder=gutenberg
[04-Mar-2024 15:51:25 UTC] SITE: Storing in option ast-block-templates-sites-3
[04-Mar-2024 15:51:25 UTC] SITE: Completed request 3
[04-Mar-2024 15:51:25 UTC] SITE: Importing request 4 ..
[04-Mar-2024 15:51:25 UTC] SITE: https://websitedemos.net/wp-json/astra-sites/v1/sites-and-pages/?per_page=30&page=4&page-builder=gutenberg
[04-Mar-2024 15:51:25 UTC] SITE: Storing in option ast-block-templates-sites-4
[04-Mar-2024 15:51:25 UTC] SITE: Completed request 4
[04-Mar-2024 15:51:25 UTC] SITE: Importing request 5 ..
[04-Mar-2024 15:51:25 UTC] SITE: https://websitedemos.net/wp-json/astra-sites/v1/sites-and-pages/?per_page=30&page=5&page-builder=gutenberg
[04-Mar-2024 15:51:25 UTC] SITE: Storing in option ast-block-templates-sites-5
[04-Mar-2024 15:51:25 UTC] SITE: Completed request 5
[04-Mar-2024 15:51:25 UTC] SITE: Importing request 6 ..
[04-Mar-2024 15:51:25 UTC] SITE: https://websitedemos.net/wp-json/astra-sites/v1/sites-and-pages/?per_page=30&page=6&page-builder=gutenberg
[04-Mar-2024 15:51:25 UTC] SITE: Storing in option ast-block-templates-sites-6
[04-Mar-2024 15:51:25 UTC] SITE: Completed request 6
[04-Mar-2024 15:51:25 UTC] SITE: Importing request 7 ..
[04-Mar-2024 15:51:25 UTC] SITE: https://websitedemos.net/wp-json/astra-sites/v1/sites-and-pages/?per_page=30&page=7&page-builder=gutenberg
[04-Mar-2024 15:51:25 UTC] SITE: Storing in option ast-block-templates-sites-7
[04-Mar-2024 15:51:25 UTC] SITE: Completed request 7
[04-Mar-2024 15:51:25 UTC] SITE: Importing request 8 ..
[04-Mar-2024 15:51:25 UTC] SITE: https://websitedemos.net/wp-json/astra-sites/v1/sites-and-pages/?per_page=30&page=8&page-builder=gutenberg
[04-Mar-2024 15:51:25 UTC] SITE: Storing in option ast-block-templates-sites-8
[04-Mar-2024 15:51:25 UTC] SITE: Completed request 8
[04-Mar-2024 15:51:25 UTC] SITE: Importing request 9 ..
[04-Mar-2024 15:51:25 UTC] SITE: https://websitedemos.net/wp-json/astra-sites/v1/sites-and-pages/?per_page=30&page=9&page-builder=gutenberg
[04-Mar-2024 15:51:25 UTC] SITE: Storing in option ast-block-templates-sites-9
[04-Mar-2024 15:51:25 UTC] SITE: Completed request 9
[04-Mar-2024 15:51:25 UTC] SITE: Importing request 10 ..
[04-Mar-2024 15:51:25 UTC] SITE: https://websitedemos.net/wp-json/astra-sites/v1/sites-and-pages/?per_page=30&page=10&page-builder=gutenberg
[04-Mar-2024 15:51:25 UTC] SITE: Storing in option ast-block-templates-sites-10
[04-Mar-2024 15:51:25 UTC] SITE: Completed request 10
[04-Mar-2024 15:51:25 UTC] Sync process for Gutenberg Blocks is done.
[04-Mar-2024 15:51:25 UTC] BLOCK: Getting Server Custimizer CSS
[04-Mar-2024 15:51:25 UTC] BLOCK: https://websitedemos.net/wp-json/astra-blocks/v2/get-customizer-css
[04-Mar-2024 15:51:26 UTC] SITE: Storing in option ast-block-templates-sites-6
[04-Mar-2024 15:51:26 UTC] SITE: Completed request 6
[04-Mar-2024 15:51:26 UTC] SITE: Importing request 7 ..
[04-Mar-2024 15:51:26 UTC] SITE: https://websitedemos.net/wp-json/astra-sites/v1/sites-and-pages/?per_page=30&page=7&page-builder=gutenberg
[04-Mar-2024 15:51:26 UTC] SITE: Storing in option ast-block-templates-sites-7
[04-Mar-2024 15:51:26 UTC] SITE: Completed request 7
[04-Mar-2024 15:51:26 UTC] SITE: Importing request 8 ..
[04-Mar-2024 15:51:26 UTC] SITE: https://websitedemos.net/wp-json/astra-sites/v1/sites-and-pages/?per_page=30&page=8&page-builder=gutenberg
[04-Mar-2024 15:51:26 UTC] SITE: Storing in option ast-block-templates-sites-8
[04-Mar-2024 15:51:26 UTC] SITE: Completed request 8
[04-Mar-2024 15:51:26 UTC] SITE: Importing request 9 ..
[04-Mar-2024 15:51:26 UTC] SITE: https://websitedemos.net/wp-json/astra-sites/v1/sites-and-pages/?per_page=30&page=9&page-builder=gutenberg
[04-Mar-2024 15:51:26 UTC] SITE: Storing in option ast-block-templates-sites-9
[04-Mar-2024 15:51:26 UTC] SITE: Completed request 9
[04-Mar-2024 15:51:26 UTC] SITE: Importing request 10 ..
[04-Mar-2024 15:51:26 UTC] SITE: https://websitedemos.net/wp-json/astra-sites/v1/sites-and-pages/?per_page=30&page=10&page-builder=gutenberg
[04-Mar-2024 15:51:26 UTC] SITE: Storing in option ast-block-templates-sites-10
[04-Mar-2024 15:51:26 UTC] SITE: Completed request 10
[04-Mar-2024 15:51:26 UTC] Sync process for Gutenberg Blocks is done.
[04-Mar-2024 15:51:26 UTC] BLOCK: Getting Server Custimizer CSS
[04-Mar-2024 15:51:26 UTC] BLOCK: https://websitedemos.net/wp-json/astra-blocks/v2/get-customizer-css
